<?xml version="1.0" encoding="UTF-8"?>
<!-- Generated by org.testng.reporters.JUnitReportReporter -->
<testsuite hostname="DeBaSiSh" name="com.pc.qa.testcases.PriceComparisionTest" tests="3" failures="0" timestamp="30 Jan 2020 10:36:37 GMT" time="41.296" errors="0">
  <testcase name="AmazonHomePageTest" time="14.275" classname="com.pc.qa.testcases.PriceComparisionTest"/>
  <testcase name="priceComparision" time="5.763" classname="com.pc.qa.testcases.PriceComparisionTest"/>
  <testcase name="FlipkartHomePageTest" time="21.258" classname="com.pc.qa.testcases.PriceComparisionTest"/>
</testsuite> <!-- com.pc.qa.testcases.PriceComparisionTest -->
